This is pdfTeX, Version 3.141592653-2.6-1.40.27 (TeX Live 2025) (preloaded format=pdflatex 2025.7.21)  20 OCT 2025 11:49
entering extended mode
 restricted \write18 enabled.
 file:line:error style messages enabled.
 %&-line parsing enabled.
**/Users/gufeng/2025_winter/Thesis_Project/ThesisProject/Proposal/proposal/Feng's_Proposal.tex
(/Users/gufeng/2025_winter/Thesis_Project/ThesisProject/Proposal/proposal/Feng's_Proposal.tex
LaTeX2e <2024-11-01> patch level 2
L3 programming layer <2025-01-18>
(/usr/local/texlive/2025basic/texmf-dist/tex/latex/base/article.cls
Document Class: article 2024/06/29 v1.4n Standard LaTeX document class
(/usr/local/texlive/2025basic/texmf-dist/tex/latex/base/size10.clo
File: size10.clo 2024/06/29 v1.4n Standard LaTeX file (size option)
)
\c@part=\count196
\c@section=\count197
\c@subsection=\count198
\c@subsubsection=\count199
\c@paragraph=\count266
\c@subparagraph=\count267
\c@figure=\count268
\c@table=\count269
\abovecaptionskip=\skip49
\belowcaptionskip=\skip50
\bibindent=\dimen141
) (/usr/local/texlive/2025basic/texmf-dist/tex/latex/geometry/geometry.sty
Package: geometry 2020/01/02 v5.9 Page Geometry
 (/usr/local/texlive/2025basic/texmf-dist/tex/latex/graphics/keyval.sty
Package: keyval 2022/05/29 v1.15 key=value parser (DPC)
\KV@toks@=\toks17
) (/usr/local/texlive/2025basic/texmf-dist/tex/generic/iftex/ifvtex.sty
Package: ifvtex 2019/10/25 v1.7 ifvtex legacy package. Use iftex instead.
 (/usr/local/texlive/2025basic/texmf-dist/tex/generic/iftex/iftex.sty
Package: iftex 2024/12/12 v1.0g TeX engine tests
))
\Gm@cnth=\count270
\Gm@cntv=\count271
\c@Gm@tempcnt=\count272
\Gm@bindingoffset=\dimen142
\Gm@wd@mp=\dimen143
\Gm@odd@mp=\dimen144
\Gm@even@mp=\dimen145
\Gm@layoutwidth=\dimen146
\Gm@layoutheight=\dimen147
\Gm@layouthoffset=\dimen148
\Gm@layoutvoffset=\dimen149
\Gm@dimlist=\toks18
) (/usr/local/texlive/2025basic/texmf-dist/tex/latex/tools/longtable.sty
Package: longtable 2024-10-27 v4.22 Multi-page Table package (DPC)
\LTleft=\skip51
\LTright=\skip52
\LTpre=\skip53
\LTpost=\skip54
\LTchunksize=\count273
\LTcapwidth=\dimen150
\LT@head=\box52
\LT@firsthead=\box53
\LT@foot=\box54
\LT@lastfoot=\box55
\LT@gbox=\box56
\LT@cols=\count274
\LT@rows=\count275
\c@LT@tables=\count276
\c@LT@chunks=\count277
\LT@p@ftn=\toks19
) (/usr/local/texlive/2025basic/texmf-dist/tex/latex/amsmath/amsmath.sty
Package: amsmath 2024/11/05 v2.17t AMS math features
\@mathmargin=\skip55

For additional information on amsmath, use the `?' option.
(/usr/local/texlive/2025basic/texmf-dist/tex/latex/amsmath/amstext.sty
Package: amstext 2021/08/26 v2.01 AMS text
 (/usr/local/texlive/2025basic/texmf-dist/tex/latex/amsmath/amsgen.sty
File: amsgen.sty 1999/11/30 v2.0 generic functions
\@emptytoks=\toks20
\ex@=\dimen151
)) (/usr/local/texlive/2025basic/texmf-dist/tex/latex/amsmath/amsbsy.sty
Package: amsbsy 1999/11/29 v1.2d Bold Symbols
\pmbraise@=\dimen152
) (/usr/local/texlive/2025basic/texmf-dist/tex/latex/amsmath/amsopn.sty
Package: amsopn 2022/04/08 v2.04 operator names
)
\inf@bad=\count278
LaTeX Info: Redefining \frac on input line 233.
\uproot@=\count279
\leftroot@=\count280
LaTeX Info: Redefining \overline on input line 398.
LaTeX Info: Redefining \colon on input line 409.
\classnum@=\count281
\DOTSCASE@=\count282
LaTeX Info: Redefining \ldots on input line 495.
LaTeX Info: Redefining \dots on input line 498.
LaTeX Info: Redefining \cdots on input line 619.
\Mathstrutbox@=\box57
\strutbox@=\box58
LaTeX Info: Redefining \big on input line 721.
LaTeX Info: Redefining \Big on input line 722.
LaTeX Info: Redefining \bigg on input line 723.
LaTeX Info: Redefining \Bigg on input line 724.
\big@size=\dimen153
LaTeX Font Info:    Redeclaring font encoding OML on input line 742.
LaTeX Font Info:    Redeclaring font encoding OMS on input line 743.
\macc@depth=\count283
LaTeX Info: Redefining \bmod on input line 904.
LaTeX Info: Redefining \pmod on input line 909.
LaTeX Info: Redefining \smash on input line 939.
LaTeX Info: Redefining \relbar on input line 969.
LaTeX Info: Redefining \Relbar on input line 970.
\c@MaxMatrixCols=\count284
\dotsspace@=\muskip17
\c@parentequation=\count285
\dspbrk@lvl=\count286
\tag@help=\toks21
\row@=\count287
\column@=\count288
\maxfields@=\count289
\andhelp@=\toks22
\eqnshift@=\dimen154
\alignsep@=\dimen155
\tagshift@=\dimen156
\tagwidth@=\dimen157
\totwidth@=\dimen158
\lineht@=\dimen159
\@envbody=\toks23
\multlinegap=\skip56
\multlinetaggap=\skip57
\mathdisplay@stack=\toks24
LaTeX Info: Redefining \[ on input line 2953.
LaTeX Info: Redefining \] on input line 2954.
) (/usr/local/texlive/2025basic/texmf-dist/tex/latex/amsfonts/amssymb.sty
Package: amssymb 2013/01/14 v3.01 AMS font symbols
 (/usr/local/texlive/2025basic/texmf-dist/tex/latex/amsfonts/amsfonts.sty
Package: amsfonts 2013/01/14 v3.01 Basic AMSFonts support
\symAMSa=\mathgroup4
\symAMSb=\mathgroup5
LaTeX Font Info:    Redeclaring math symbol \hbar on input line 98.
LaTeX Font Info:    Overwriting math alphabet `\mathfrak' in version `bold'
(Font)                  U/euf/m/n --> U/euf/b/n on input line 106.
)) (/usr/local/texlive/2025basic/texmf-dist/tex/latex/booktabs/booktabs.sty
Package: booktabs 2020/01/12 v1.61803398 Publication quality tables
\heavyrulewidth=\dimen160
\lightrulewidth=\dimen161
\cmidrulewidth=\dimen162
\belowrulesep=\dimen163
\belowbottomsep=\dimen164
\aboverulesep=\dimen165
\abovetopsep=\dimen166
\cmidrulesep=\dimen167
\cmidrulekern=\dimen168
\defaultaddspace=\dimen169
\@cmidla=\count290
\@cmidlb=\count291
\@aboverulesep=\dimen170
\@belowrulesep=\dimen171
\@thisruleclass=\count292
\@lastruleclass=\count293
\@thisrulewidth=\dimen172
) (/usr/local/texlive/2025basic/texmf-dist/tex/latex/xcolor/xcolor.sty
Package: xcolor 2024/09/29 v3.02 LaTeX color extensions (UK)
 (/usr/local/texlive/2025basic/texmf-dist/tex/latex/graphics-cfg/color.cfg
File: color.cfg 2016/01/02 v1.6 sample color configuration
)
Package xcolor Info: Driver file: pdftex.def on input line 274.
 (/usr/local/texlive/2025basic/texmf-dist/tex/latex/graphics-def/pdftex.def
File: pdftex.def 2024/04/13 v1.2c Graphics/color driver for pdftex
) (/usr/local/texlive/2025basic/texmf-dist/tex/latex/graphics/mathcolor.ltx)
Package xcolor Info: Model `cmy' substituted by `cmy0' on input line 1349.
Package xcolor Info: Model `hsb' substituted by `rgb' on input line 1353.
Package xcolor Info: Model `RGB' extended on input line 1365.
Package xcolor Info: Model `HTML' substituted by `rgb' on input line 1367.
Package xcolor Info: Model `Hsb' substituted by `hsb' on input line 1368.
Package xcolor Info: Model `tHsb' substituted by `hsb' on input line 1369.
Package xcolor Info: Model `HSB' substituted by `hsb' on input line 1370.
Package xcolor Info: Model `Gray' substituted by `gray' on input line 1371.
Package xcolor Info: Model `wave' substituted by `hsb' on input line 1372.
) (/usr/local/texlive/2025basic/texmf-dist/tex/latex/hyperref/hyperref.sty
Package: hyperref 2024-11-05 v7.01l Hypertext links for LaTeX
 (/usr/local/texlive/2025basic/texmf-dist/tex/latex/kvsetkeys/kvsetkeys.sty
Package: kvsetkeys 2022-10-05 v1.19 Key value parser (HO)
) (/usr/local/texlive/2025basic/texmf-dist/tex/generic/kvdefinekeys/kvdefinekeys.sty
Package: kvdefinekeys 2019-12-19 v1.6 Define keys (HO)
) (/usr/local/texlive/2025basic/texmf-dist/tex/generic/pdfescape/pdfescape.sty
Package: pdfescape 2019/12/09 v1.15 Implements pdfTeX's escape features (HO)
 (/usr/local/texlive/2025basic/texmf-dist/tex/generic/ltxcmds/ltxcmds.sty
Package: ltxcmds 2023-12-04 v1.26 LaTeX kernel commands for general use (HO)
) (/usr/local/texlive/2025basic/texmf-dist/tex/generic/pdftexcmds/pdftexcmds.sty
Package: pdftexcmds 2020-06-27 v0.33 Utility functions of pdfTeX for LuaTeX (HO)
 (/usr/local/texlive/2025basic/texmf-dist/tex/generic/infwarerr/infwarerr.sty
Package: infwarerr 2019/12/03 v1.5 Providing info/warning/error messages (HO)
)
Package pdftexcmds Info: \pdf@primitive is available.
Package pdftexcmds Info: \pdf@ifprimitive is available.
Package pdftexcmds Info: \pdfdraftmode found.
)) (/usr/local/texlive/2025basic/texmf-dist/tex/latex/hycolor/hycolor.sty
Package: hycolor 2020-01-27 v1.10 Color options for hyperref/bookmark (HO)
) (/usr/local/texlive/2025basic/texmf-dist/tex/latex/hyperref/nameref.sty
Package: nameref 2023-11-26 v2.56 Cross-referencing by name of section
 (/usr/local/texlive/2025basic/texmf-dist/tex/latex/refcount/refcount.sty
Package: refcount 2019/12/15 v3.6 Data extraction from label references (HO)
) (/usr/local/texlive/2025basic/texmf-dist/tex/generic/gettitlestring/gettitlestring.sty
Package: gettitlestring 2019/12/15 v1.6 Cleanup title references (HO)
 (/usr/local/texlive/2025basic/texmf-dist/tex/latex/kvoptions/kvoptions.sty
Package: kvoptions 2022-06-15 v3.15 Key value format for package options (HO)
))
\c@section@level=\count294
) (/usr/local/texlive/2025basic/texmf-dist/tex/latex/etoolbox/etoolbox.sty
Package: etoolbox 2025/02/11 v2.5l e-TeX tools for LaTeX (JAW)
\etb@tempcnta=\count295
) (/usr/local/texlive/2025basic/texmf-dist/tex/generic/stringenc/stringenc.sty
Package: stringenc 2019/11/29 v1.12 Convert strings between diff. encodings (HO)
)
\@linkdim=\dimen173
\Hy@linkcounter=\count296
\Hy@pagecounter=\count297
 (/usr/local/texlive/2025basic/texmf-dist/tex/latex/hyperref/pd1enc.def
File: pd1enc.def 2024-11-05 v7.01l Hyperref: PDFDocEncoding definition (HO)
Now handling font encoding PD1 ...
... no UTF-8 mapping file for font encoding PD1
) (/usr/local/texlive/2025basic/texmf-dist/tex/generic/intcalc/intcalc.sty
Package: intcalc 2019/12/15 v1.3 Expandable calculations with integers (HO)
)
\Hy@SavedSpaceFactor=\count298
 (/usr/local/texlive/2025basic/texmf-dist/tex/latex/hyperref/puenc.def
File: puenc.def 2024-11-05 v7.01l Hyperref: PDF Unicode definition (HO)
Now handling font encoding PU ...
... no UTF-8 mapping file for font encoding PU
)
Package hyperref Info: Hyper figures OFF on input line 4157.
Package hyperref Info: Link nesting OFF on input line 4162.
Package hyperref Info: Hyper index ON on input line 4165.
Package hyperref Info: Plain pages OFF on input line 4172.
Package hyperref Info: Backreferencing OFF on input line 4177.
Package hyperref Info: Implicit mode ON; LaTeX internals redefined.
Package hyperref Info: Bookmarks ON on input line 4424.
\c@Hy@tempcnt=\count299
 (/usr/local/texlive/2025basic/texmf-dist/tex/latex/url/url.sty
\Urlmuskip=\muskip18
Package: url 2013/09/16  ver 3.4  Verb mode for urls, etc.
)
LaTeX Info: Redefining \url on input line 4763.
\XeTeXLinkMargin=\dimen174
 (/usr/local/texlive/2025basic/texmf-dist/tex/generic/bitset/bitset.sty
Package: bitset 2019/12/09 v1.3 Handle bit-vector datatype (HO)
 (/usr/local/texlive/2025basic/texmf-dist/tex/generic/bigintcalc/bigintcalc.sty
Package: bigintcalc 2019/12/15 v1.5 Expandable calculations on big integers (HO)
))
\Fld@menulength=\count300
\Field@Width=\dimen175
\Fld@charsize=\dimen176
Package hyperref Info: Hyper figures OFF on input line 6042.
Package hyperref Info: Link nesting OFF on input line 6047.
Package hyperref Info: Hyper index ON on input line 6050.
Package hyperref Info: backreferencing OFF on input line 6057.
Package hyperref Info: Link coloring OFF on input line 6062.
Package hyperref Info: Link coloring with OCG OFF on input line 6067.
Package hyperref Info: PDF/A mode OFF on input line 6072.
 (/usr/local/texlive/2025basic/texmf-dist/tex/latex/base/atbegshi-ltx.sty
Package: atbegshi-ltx 2021/01/10 v1.0c Emulation of the original atbegshi
package with kernel methods
)
\Hy@abspage=\count301
\c@Item=\count302
\c@Hfootnote=\count303
)
Package hyperref Info: Driver (autodetected): hpdftex.
 (/usr/local/texlive/2025basic/texmf-dist/tex/latex/hyperref/hpdftex.def
File: hpdftex.def 2024-11-05 v7.01l Hyperref driver for pdfTeX
 (/usr/local/texlive/2025basic/texmf-dist/tex/latex/base/atveryend-ltx.sty
Package: atveryend-ltx 2020/08/19 v1.0a Emulation of the original atveryend package
with kernel methods
)
\Fld@listcount=\count304
\c@bookmark@seq@number=\count305
 (/usr/local/texlive/2025basic/texmf-dist/tex/latex/rerunfilecheck/rerunfilecheck.sty
Package: rerunfilecheck 2022-07-10 v1.10 Rerun checks for auxiliary files (HO)
 (/usr/local/texlive/2025basic/texmf-dist/tex/generic/uniquecounter/uniquecounter.sty
Package: uniquecounter 2019/12/15 v1.4 Provide unlimited unique counter (HO)
)
Package uniquecounter Info: New unique counter `rerunfilecheck' on input line 285.
)
\Hy@SectionHShift=\skip58
) (/usr/local/texlive/2025basic/texmf-dist/tex/latex/graphics/graphicx.sty
Package: graphicx 2021/09/16 v1.2d Enhanced LaTeX Graphics (DPC,SPQR)
 (/usr/local/texlive/2025basic/texmf-dist/tex/latex/graphics/graphics.sty
Package: graphics 2024/08/06 v1.4g Standard LaTeX Graphics (DPC,SPQR)
 (/usr/local/texlive/2025basic/texmf-dist/tex/latex/graphics/trig.sty
Package: trig 2023/12/02 v1.11 sin cos tan (DPC)
) (/usr/local/texlive/2025basic/texmf-dist/tex/latex/graphics-cfg/graphics.cfg
File: graphics.cfg 2016/06/04 v1.11 sample graphics configuration
)
Package graphics Info: Driver file: pdftex.def on input line 106.
)
\Gin@req@height=\dimen177
\Gin@req@width=\dimen178
) (/usr/local/texlive/2025basic/texmf-dist/tex/latex/caption/subcaption.sty
Package: subcaption 2023/07/28 v1.6b Sub-captions (AR)
 (/usr/local/texlive/2025basic/texmf-dist/tex/latex/caption/caption.sty
Package: caption 2023/08/05 v3.6o Customizing captions (AR)
 (/usr/local/texlive/2025basic/texmf-dist/tex/latex/caption/caption3.sty
Package: caption3 2023/07/31 v2.4d caption3 kernel (AR)
\caption@tempdima=\dimen179
\captionmargin=\dimen180
\caption@leftmargin=\dimen181
\caption@rightmargin=\dimen182
\caption@width=\dimen183
\caption@indent=\dimen184
\caption@parindent=\dimen185
\caption@hangindent=\dimen186
Package caption Info: Standard document class detected.
)
\c@caption@flags=\count306
\c@continuedfloat=\count307
Package caption Info: hyperref package is loaded.
Package caption Info: longtable package is loaded.
 (/usr/local/texlive/2025basic/texmf-dist/tex/latex/caption/ltcaption.sty
Package: ltcaption 2021/01/08 v1.4c longtable captions (AR)
))
Package caption Info: New subtype `subfigure' on input line 238.
\c@subfigure=\count308
Package caption Info: New subtype `subtable' on input line 238.
\c@subtable=\count309
) (/usr/local/texlive/2025basic/texmf-dist/tex/latex/tcolorbox/tcolorbox.sty
Package: tcolorbox 2025/09/09 version 6.8.0 text color boxes
 (/usr/local/texlive/2025basic/texmf-dist/tex/latex/pgf/frontendlayer/tikz.sty (/usr/local/texlive/2025basic/texmf-dist/tex/latex/pgf/basiclayer/pgf.sty (/usr/local/texlive/2025basic/texmf-dist/tex/latex/pgf/utilities/pgfrcs.sty (/usr/local/texlive/2025basic/texmf-dist/tex/generic/pgf/utilities/pgfutil-common.tex
\pgfutil@everybye=\toks25
\pgfutil@tempdima=\dimen187
\pgfutil@tempdimb=\dimen188
) (/usr/local/texlive/2025basic/texmf-dist/tex/generic/pgf/utilities/pgfutil-latex.def
\pgfutil@abb=\box59
) (/usr/local/texlive/2025basic/texmf-dist/tex/generic/pgf/utilities/pgfrcs.code.tex (/usr/local/texlive/2025basic/texmf-dist/tex/generic/pgf/pgf.revision.tex)
Package: pgfrcs 2023-01-15 v3.1.10 (3.1.10)
))
Package: pgf 2023-01-15 v3.1.10 (3.1.10)
 (/usr/local/texlive/2025basic/texmf-dist/tex/latex/pgf/basiclayer/pgfcore.sty (/usr/local/texlive/2025basic/texmf-dist/tex/latex/pgf/systemlayer/pgfsys.sty (/usr/local/texlive/2025basic/texmf-dist/tex/generic/pgf/systemlayer/pgfsys.code.tex
Package: pgfsys 2023-01-15 v3.1.10 (3.1.10)
 (/usr/local/texlive/2025basic/texmf-dist/tex/generic/pgf/utilities/pgfkeys.code.tex
\pgfkeys@pathtoks=\toks26
\pgfkeys@temptoks=\toks27
 (/usr/local/texlive/2025basic/texmf-dist/tex/generic/pgf/utilities/pgfkeyslibraryfiltered.code.tex
\pgfkeys@tmptoks=\toks28
))
\pgf@x=\dimen189
\pgf@y=\dimen190
\pgf@xa=\dimen191
\pgf@ya=\dimen192
\pgf@xb=\dimen193
\pgf@yb=\dimen194
\pgf@xc=\dimen195
\pgf@yc=\dimen196
\pgf@xd=\dimen197
\pgf@yd=\dimen198
\w@pgf@writea=\write3
\r@pgf@reada=\read2
\c@pgf@counta=\count310
\c@pgf@countb=\count311
\c@pgf@countc=\count312
\c@pgf@countd=\count313
\t@pgf@toka=\toks29
\t@pgf@tokb=\toks30
\t@pgf@tokc=\toks31
\pgf@sys@id@count=\count314
 (/usr/local/texlive/2025basic/texmf-dist/tex/generic/pgf/systemlayer/pgf.cfg
File: pgf.cfg 2023-01-15 v3.1.10 (3.1.10)
)
Driver file for pgf: pgfsys-pdftex.def
 (/usr/local/texlive/2025basic/texmf-dist/tex/generic/pgf/systemlayer/pgfsys-pdftex.def
File: pgfsys-pdftex.def 2023-01-15 v3.1.10 (3.1.10)
 (/usr/local/texlive/2025basic/texmf-dist/tex/generic/pgf/systemlayer/pgfsys-common-pdf.def
File: pgfsys-common-pdf.def 2023-01-15 v3.1.10 (3.1.10)
))) (/usr/local/texlive/2025basic/texmf-dist/tex/generic/pgf/systemlayer/pgfsyssoftpath.code.tex
File: pgfsyssoftpath.code.tex 2023-01-15 v3.1.10 (3.1.10)
\pgfsyssoftpath@smallbuffer@items=\count315
\pgfsyssoftpath@bigbuffer@items=\count316
) (/usr/local/texlive/2025basic/texmf-dist/tex/generic/pgf/systemlayer/pgfsysprotocol.code.tex
File: pgfsysprotocol.code.tex 2023-01-15 v3.1.10 (3.1.10)
)) (/usr/local/texlive/2025basic/texmf-dist/tex/generic/pgf/basiclayer/pgfcore.code.tex
Package: pgfcore 2023-01-15 v3.1.10 (3.1.10)
 (/usr/local/texlive/2025basic/texmf-dist/tex/generic/pgf/math/pgfmath.code.tex (/usr/local/texlive/2025basic/texmf-dist/tex/generic/pgf/math/pgfmathutil.code.tex) (/usr/local/texlive/2025basic/texmf-dist/tex/generic/pgf/math/pgfmathparser.code.tex
\pgfmath@dimen=\dimen199
\pgfmath@count=\count317
\pgfmath@box=\box60
\pgfmath@toks=\toks32
\pgfmath@stack@operand=\toks33
\pgfmath@stack@operation=\toks34
) (/usr/local/texlive/2025basic/texmf-dist/tex/generic/pgf/math/pgfmathfunctions.code.tex) (/usr/local/texlive/2025basic/texmf-dist/tex/generic/pgf/math/pgfmathfunctions.basic.code.tex) (/usr/local/texlive/2025basic/texmf-dist/tex/generic/pgf/math/pgfmathfunctions.trigonometric.code.tex) (/usr/local/texlive/2025basic/texmf-dist/tex/generic/pgf/math/pgfmathfunctions.random.code.tex) (/usr/local/texlive/2025basic/texmf-dist/tex/generic/pgf/math/pgfmathfunctions.comparison.code.tex) (/usr/local/texlive/2025basic/texmf-dist/tex/generic/pgf/math/pgfmathfunctions.base.code.tex) (/usr/local/texlive/2025basic/texmf-dist/tex/generic/pgf/math/pgfmathfunctions.round.code.tex) (/usr/local/texlive/2025basic/texmf-dist/tex/generic/pgf/math/pgfmathfunctions.misc.code.tex) (/usr/local/texlive/2025basic/texmf-dist/tex/generic/pgf/math/pgfmathfunctions.integerarithmetics.code.tex) (/usr/local/texlive/2025basic/texmf-dist/tex/generic/pgf/math/pgfmathcalc.code.tex) (/usr/local/texlive/2025basic/texmf-dist/tex/generic/pgf/math/pgfmathfloat.code.tex
\c@pgfmathroundto@lastzeros=\count318
)) (/usr/local/texlive/2025basic/texmf-dist/tex/generic/pgf/math/pgfint.code.tex) (/usr/local/texlive/2025basic/texmf-dist/tex/generic/pgf/basiclayer/pgfcorepoints.code.tex
File: pgfcorepoints.code.tex 2023-01-15 v3.1.10 (3.1.10)
\pgf@picminx=\dimen256
\pgf@picmaxx=\dimen257
\pgf@picminy=\dimen258
\pgf@picmaxy=\dimen259
\pgf@pathminx=\dimen260
\pgf@pathmaxx=\dimen261
\pgf@pathminy=\dimen262
\pgf@pathmaxy=\dimen263
\pgf@xx=\dimen264
\pgf@xy=\dimen265
\pgf@yx=\dimen266
\pgf@yy=\dimen267
\pgf@zx=\dimen268
\pgf@zy=\dimen269
) (/usr/local/texlive/2025basic/texmf-dist/tex/generic/pgf/basiclayer/pgfcorepathconstruct.code.tex
File: pgfcorepathconstruct.code.tex 2023-01-15 v3.1.10 (3.1.10)
\pgf@path@lastx=\dimen270
\pgf@path@lasty=\dimen271
) (/usr/local/texlive/2025basic/texmf-dist/tex/generic/pgf/basiclayer/pgfcorepathusage.code.tex
File: pgfcorepathusage.code.tex 2023-01-15 v3.1.10 (3.1.10)
\pgf@shorten@end@additional=\dimen272
\pgf@shorten@start@additional=\dimen273
) (/usr/local/texlive/2025basic/texmf-dist/tex/generic/pgf/basiclayer/pgfcorescopes.code.tex
File: pgfcorescopes.code.tex 2023-01-15 v3.1.10 (3.1.10)
\pgfpic=\box61
\pgf@hbox=\box62
\pgf@layerbox@main=\box63
\pgf@picture@serial@count=\count319
) (/usr/local/texlive/2025basic/texmf-dist/tex/generic/pgf/basiclayer/pgfcoregraphicstate.code.tex
File: pgfcoregraphicstate.code.tex 2023-01-15 v3.1.10 (3.1.10)
\pgflinewidth=\dimen274
) (/usr/local/texlive/2025basic/texmf-dist/tex/generic/pgf/basiclayer/pgfcoretransformations.code.tex
File: pgfcoretransformations.code.tex 2023-01-15 v3.1.10 (3.1.10)
\pgf@pt@x=\dimen275
\pgf@pt@y=\dimen276
\pgf@pt@temp=\dimen277
) (/usr/local/texlive/2025basic/texmf-dist/tex/generic/pgf/basiclayer/pgfcorequick.code.tex
File: pgfcorequick.code.tex 2023-01-15 v3.1.10 (3.1.10)
) (/usr/local/texlive/2025basic/texmf-dist/tex/generic/pgf/basiclayer/pgfcoreobjects.code.tex
File: pgfcoreobjects.code.tex 2023-01-15 v3.1.10 (3.1.10)
) (/usr/local/texlive/2025basic/texmf-dist/tex/generic/pgf/basiclayer/pgfcorepathprocessing.code.tex
File: pgfcorepathprocessing.code.tex 2023-01-15 v3.1.10 (3.1.10)
) (/usr/local/texlive/2025basic/texmf-dist/tex/generic/pgf/basiclayer/pgfcorearrows.code.tex
File: pgfcorearrows.code.tex 2023-01-15 v3.1.10 (3.1.10)
\pgfarrowsep=\dimen278
) (/usr/local/texlive/2025basic/texmf-dist/tex/generic/pgf/basiclayer/pgfcoreshade.code.tex
File: pgfcoreshade.code.tex 2023-01-15 v3.1.10 (3.1.10)
\pgf@max=\dimen279
\pgf@sys@shading@range@num=\count320
\pgf@shadingcount=\count321
) (/usr/local/texlive/2025basic/texmf-dist/tex/generic/pgf/basiclayer/pgfcoreimage.code.tex
File: pgfcoreimage.code.tex 2023-01-15 v3.1.10 (3.1.10)
) (/usr/local/texlive/2025basic/texmf-dist/tex/generic/pgf/basiclayer/pgfcoreexternal.code.tex
File: pgfcoreexternal.code.tex 2023-01-15 v3.1.10 (3.1.10)
\pgfexternal@startupbox=\box64
) (/usr/local/texlive/2025basic/texmf-dist/tex/generic/pgf/basiclayer/pgfcorelayers.code.tex
File: pgfcorelayers.code.tex 2023-01-15 v3.1.10 (3.1.10)
) (/usr/local/texlive/2025basic/texmf-dist/tex/generic/pgf/basiclayer/pgfcoretransparency.code.tex
File: pgfcoretransparency.code.tex 2023-01-15 v3.1.10 (3.1.10)
) (/usr/local/texlive/2025basic/texmf-dist/tex/generic/pgf/basiclayer/pgfcorepatterns.code.tex
File: pgfcorepatterns.code.tex 2023-01-15 v3.1.10 (3.1.10)
) (/usr/local/texlive/2025basic/texmf-dist/tex/generic/pgf/basiclayer/pgfcorerdf.code.tex
File: pgfcorerdf.code.tex 2023-01-15 v3.1.10 (3.1.10)
))) (/usr/local/texlive/2025basic/texmf-dist/tex/generic/pgf/modules/pgfmoduleshapes.code.tex
File: pgfmoduleshapes.code.tex 2023-01-15 v3.1.10 (3.1.10)
\pgfnodeparttextbox=\box65
) (/usr/local/texlive/2025basic/texmf-dist/tex/generic/pgf/modules/pgfmoduleplot.code.tex
File: pgfmoduleplot.code.tex 2023-01-15 v3.1.10 (3.1.10)
) (/usr/local/texlive/2025basic/texmf-dist/tex/latex/pgf/compatibility/pgfcomp-version-0-65.sty
Package: pgfcomp-version-0-65 2023-01-15 v3.1.10 (3.1.10)
\pgf@nodesepstart=\dimen280
\pgf@nodesepend=\dimen281
) (/usr/local/texlive/2025basic/texmf-dist/tex/latex/pgf/compatibility/pgfcomp-version-1-18.sty
Package: pgfcomp-version-1-18 2023-01-15 v3.1.10 (3.1.10)
)) (/usr/local/texlive/2025basic/texmf-dist/tex/latex/pgf/utilities/pgffor.sty (/usr/local/texlive/2025basic/texmf-dist/tex/latex/pgf/utilities/pgfkeys.sty (/usr/local/texlive/2025basic/texmf-dist/tex/generic/pgf/utilities/pgfkeys.code.tex)) (/usr/local/texlive/2025basic/texmf-dist/tex/latex/pgf/math/pgfmath.sty (/usr/local/texlive/2025basic/texmf-dist/tex/generic/pgf/math/pgfmath.code.tex)) (/usr/local/texlive/2025basic/texmf-dist/tex/generic/pgf/utilities/pgffor.code.tex
Package: pgffor 2023-01-15 v3.1.10 (3.1.10)
\pgffor@iter=\dimen282
\pgffor@skip=\dimen283
\pgffor@stack=\toks35
\pgffor@toks=\toks36
)) (/usr/local/texlive/2025basic/texmf-dist/tex/generic/pgf/frontendlayer/tikz/tikz.code.tex
Package: tikz 2023-01-15 v3.1.10 (3.1.10)
 (/usr/local/texlive/2025basic/texmf-dist/tex/generic/pgf/libraries/pgflibraryplothandlers.code.tex
File: pgflibraryplothandlers.code.tex 2023-01-15 v3.1.10 (3.1.10)
\pgf@plot@mark@count=\count322
\pgfplotmarksize=\dimen284
)
\tikz@lastx=\dimen285
\tikz@lasty=\dimen286
\tikz@lastxsaved=\dimen287
\tikz@lastysaved=\dimen288
\tikz@lastmovetox=\dimen289
\tikz@lastmovetoy=\dimen290
\tikzleveldistance=\dimen291
\tikzsiblingdistance=\dimen292
\tikz@figbox=\box66
\tikz@figbox@bg=\box67
\tikz@tempbox=\box68
\tikz@tempbox@bg=\box69
\tikztreelevel=\count323
\tikznumberofchildren=\count324
\tikznumberofcurrentchild=\count325
\tikz@fig@count=\count326
 (/usr/local/texlive/2025basic/texmf-dist/tex/generic/pgf/modules/pgfmodulematrix.code.tex
File: pgfmodulematrix.code.tex 2023-01-15 v3.1.10 (3.1.10)
\pgfmatrixcurrentrow=\count327
\pgfmatrixcurrentcolumn=\count328
\pgf@matrix@numberofcolumns=\count329
)
\tikz@expandcount=\count330
 (/usr/local/texlive/2025basic/texmf-dist/tex/generic/pgf/frontendlayer/tikz/libraries/tikzlibrarytopaths.code.tex
File: tikzlibrarytopaths.code.tex 2023-01-15 v3.1.10 (3.1.10)
))) (/usr/local/texlive/2025basic/texmf-dist/tex/latex/tools/verbatim.sty
Package: verbatim 2024-01-22 v1.5x LaTeX2e package for verbatim enhancements
\every@verbatim=\toks37
\verbatim@line=\toks38
\verbatim@in@stream=\read3
) (/usr/local/texlive/2025basic/texmf-dist/tex/latex/environ/environ.sty
Package: environ 2014/05/04 v0.3 A new way to define environments
 (/usr/local/texlive/2025basic/texmf-dist/tex/latex/trimspaces/trimspaces.sty
Package: trimspaces 2009/09/17 v1.1 Trim spaces around a token list
))
\tcb@titlebox=\box70
\tcb@upperbox=\box71
\tcb@lowerbox=\box72
\tcb@phantombox=\box73
\c@tcbbreakpart=\count331
\c@tcblayer=\count332
\c@tcolorbox@number=\count333
\l__tcobox_tmpa_box=\box74
\l__tcobox_tmpa_dim=\dimen293
\tcb@temp=\box75
\tcb@temp=\box76
\tcb@temp=\box77
\tcb@temp=\box78
) (/usr/local/texlive/2025basic/texmf-dist/tex/latex/tools/array.sty
Package: array 2024/10/17 v2.6g Tabular extension package (FMi)
\col@sep=\dimen294
\ar@mcellbox=\box79
\extrarowheight=\dimen295
\NC@list=\toks39
\extratabsurround=\skip59
\backup@length=\skip60
\ar@cellbox=\box80
) (/usr/local/texlive/2025basic/texmf-dist/tex/latex/multirow/multirow.sty
Package: multirow 2024/11/12 v2.9 Span multiple rows of a table
\multirow@colwidth=\skip61
\multirow@cntb=\count334
\multirow@dima=\skip62
\bigstrutjot=\dimen296
) (/usr/local/texlive/2025basic/texmf-dist/tex/latex/tools/tabularx.sty
Package: tabularx 2023/12/11 v2.12a `tabularx' package (DPC)
\TX@col@width=\dimen297
\TX@old@table=\dimen298
\TX@old@col=\dimen299
\TX@target=\dimen300
\TX@delta=\dimen301
\TX@cols=\count335
\TX@ftn=\toks40
) (/usr/local/texlive/2025basic/texmf-dist/tex/latex/l3backend/l3backend-pdftex.def
File: l3backend-pdftex.def 2024-05-08 L3 backend support: PDF output (pdfTeX)
\l__color_backend_stack_int=\count336
\l__pdf_internal_box=\box81
) (./Feng's_Proposal.aux)
\openout1 = `Feng's_Proposal.aux'.

LaTeX Font Info:    Checking defaults for OML/cmm/m/it on input line 29.
LaTeX Font Info:    ... okay on input line 29.
LaTeX Font Info:    Checking defaults for OMS/cmsy/m/n on input line 29.
LaTeX Font Info:    ... okay on input line 29.
LaTeX Font Info:    Checking defaults for OT1/cmr/m/n on input line 29.
LaTeX Font Info:    ... okay on input line 29.
LaTeX Font Info:    Checking defaults for T1/cmr/m/n on input line 29.
LaTeX Font Info:    ... okay on input line 29.
LaTeX Font Info:    Checking defaults for TS1/cmr/m/n on input line 29.
LaTeX Font Info:    ... okay on input line 29.
LaTeX Font Info:    Checking defaults for OMX/cmex/m/n on input line 29.
LaTeX Font Info:    ... okay on input line 29.
LaTeX Font Info:    Checking defaults for U/cmr/m/n on input line 29.
LaTeX Font Info:    ... okay on input line 29.
LaTeX Font Info:    Checking defaults for PD1/pdf/m/n on input line 29.
LaTeX Font Info:    ... okay on input line 29.
LaTeX Font Info:    Checking defaults for PU/pdf/m/n on input line 29.
LaTeX Font Info:    ... okay on input line 29.

*geometry* driver: auto-detecting
*geometry* detected driver: pdftex
*geometry* verbose mode - [ preamble ] result:
* driver: pdftex
* paper: a4paper
* layout: <same size as paper>
* layoutoffset:(h,v)=(0.0pt,0.0pt)
* modes: 
* h-part:(L,W,R)=(72.26999pt, 452.9679pt, 72.26999pt)
* v-part:(T,H,B)=(72.26999pt, 700.50687pt, 72.26999pt)
* \paperwidth=597.50787pt
* \paperheight=845.04684pt
* \textwidth=452.9679pt
* \textheight=700.50687pt
* \oddsidemargin=0.0pt
* \evensidemargin=0.0pt
* \topmargin=-37.0pt
* \headheight=12.0pt
* \headsep=25.0pt
* \topskip=10.0pt
* \footskip=30.0pt
* \marginparwidth=65.0pt
* \marginparsep=11.0pt
* \columnsep=10.0pt
* \skip\footins=9.0pt plus 4.0pt minus 2.0pt
* \hoffset=0.0pt
* \voffset=0.0pt
* \mag=1000
* \@twocolumnfalse
* \@twosidefalse
* \@mparswitchfalse
* \@reversemarginfalse
* (1in=72.27pt=25.4mm, 1cm=28.453pt)

(/usr/local/texlive/2025basic/texmf-dist/tex/context/base/mkii/supp-pdf.mkii
[Loading MPS to PDF converter (version 2006.09.02).]
\scratchcounter=\count337
\scratchdimen=\dimen302
\scratchbox=\box82
\nofMPsegments=\count338
\nofMParguments=\count339
\everyMPshowfont=\toks41
\MPscratchCnt=\count340
\MPscratchDim=\dimen303
\MPnumerator=\count341
\makeMPintoPDFobject=\count342
\everyMPtoPDFconversion=\toks42
) (/usr/local/texlive/2025basic/texmf-dist/tex/latex/epstopdf-pkg/epstopdf-base.sty
Package: epstopdf-base 2020-01-24 v2.11 Base part for package epstopdf
Package epstopdf-base Info: Redefining graphics rule for `.eps' on input line 485.
 (/usr/local/texlive/2025basic/texmf-dist/tex/latex/latexconfig/epstopdf-sys.cfg
File: epstopdf-sys.cfg 2010/07/13 v1.3 Configuration of (r)epstopdf for TeX Live
))
Package hyperref Info: Link coloring OFF on input line 29.
 (./Feng's_Proposal.out) (./Feng's_Proposal.out)
\@outlinefile=\write4
\openout4 = `Feng's_Proposal.out'.

Package caption Info: Begin \AtBeginDocument code.
Package caption Info: End \AtBeginDocument code.


[1

{/usr/local/texlive/2025basic/texmf-var/fonts/map/pdftex/updmap/pdftex.map}]


pdfTeX warning (ext4): destination with the same identifier (name{page.1}) has been already used, duplicate ignored
<to be read again> 
                   \relax 
l.98 \clearpage
                [1

] (./Feng's_Proposal.toc
LaTeX Font Info:    Trying to load font information for U+msa on input line 2.
 (/usr/local/texlive/2025basic/texmf-dist/tex/latex/amsfonts/umsa.fd
File: umsa.fd 2013/01/14 v3.01 AMS symbols A
)
LaTeX Font Info:    Trying to load font information for U+msb on input line 2.
 (/usr/local/texlive/2025basic/texmf-dist/tex/latex/amsfonts/umsb.fd
File: umsb.fd 2013/01/14 v3.01 AMS symbols B
)

[2

])
\tf@toc=\write5
\openout5 = `Feng's_Proposal.toc'.



[3] (./sections/CusCommands.tex) (./sections/Introduction.tex

[4

]
<../results/ideas_visualization/introduction_study_system.png, id=391, 1541.76pt x 1027.84pt>
File: ../results/ideas_visualization/introduction_study_system.png Graphic file (type png)
<use ../results/ideas_visualization/introduction_study_system.png>
Package pdftex.def Info: ../results/ideas_visualization/introduction_study_system.png  used on input line 133.
(pdftex.def)             Requested size: 407.66833pt x 271.76465pt.


LaTeX Warning: `!h' float specifier changed to `!ht'.

)

[5]

[6 <../results/ideas_visualization/introduction_study_system.png (PNG copy)>] (./sections/ResearchObjectives.tex

[7

]
Overfull \hbox (35.28293pt too wide) in paragraph at lines 116--121
[]\OT1/cmr/m/n/10 It is in-for-ma-tive to de-tect thresh-old(s) in con-tam-i-na-tion lev-els across which the slope of the ZCI{contamination
 []



[8]) (./sections/DataDescription.tex
<../results/different_data_sampling_locations.png, id=484, 794.97pt x 361.35pt>
File: ../results/different_data_sampling_locations.png Graphic file (type png)
<use ../results/different_data_sampling_locations.png>
Package pdftex.def Info: ../results/different_data_sampling_locations.png  used on input line 40.
(pdftex.def)             Requested size: 452.9679pt x 205.89996pt.


LaTeX Warning: `!h' float specifier changed to `!ht'.



[9]

[10 <../results/different_data_sampling_locations.png>]

[11]) (./sections/LiteratureReview.tex

[12]

[13]

[14]) (./sections/Methodology.tex

[15]
Overfull \hbox (37.71628pt too wide) in paragraph at lines 26--90
 [][] 
 []


LaTeX Warning: `!h' float specifier changed to `!ht'.

<../results/ideas_visualization/overall_framework.png, id=601, 1292.83pt x 882.29625pt>
File: ../results/ideas_visualization/overall_framework.png Graphic file (type png)
<use ../results/ideas_visualization/overall_framework.png>
Package pdftex.def Info: ../results/ideas_visualization/overall_framework.png  used on input line 123.
(pdftex.def)             Requested size: 362.37569pt x 247.29706pt.


[16 <../results/ideas_visualization/overall_framework.png>]

[17]
<../results/ideas_visualization/operate_data_throughout2.png, id=627, 1276.77pt x 702.625pt>
File: ../results/ideas_visualization/operate_data_throughout2.png Graphic file (type png)
<use ../results/ideas_visualization/operate_data_throughout2.png>
Package pdftex.def Info: ../results/ideas_visualization/operate_data_throughout2.png  used on input line 201.
(pdftex.def)             Requested size: 362.37569pt x 199.41394pt.


[18 <../results/ideas_visualization/operate_data_throughout2.png>]
<../presentation/figures/p10_clustering_results.png, id=636, 714.7503pt x 281.853pt>
File: ../presentation/figures/p10_clustering_results.png Graphic file (type png)
<use ../presentation/figures/p10_clustering_results.png>
Package pdftex.def Info: ../presentation/figures/p10_clustering_results.png  used on input line 256.
(pdftex.def)             Requested size: 362.37569pt x 142.90018pt.
<../results/ideas_visualization/constructing_ruler.png, id=637, 1899.095pt x 1128.215pt>
File: ../results/ideas_visualization/constructing_ruler.png Graphic file (type png)
<use ../results/ideas_visualization/constructing_ruler.png>
Package pdftex.def Info: ../results/ideas_visualization/constructing_ruler.png  used on input line 267.
(pdftex.def)             Requested size: 362.37569pt x 215.27548pt.


LaTeX Warning: `!h' float specifier changed to `!ht'.



[19 <../presentation/figures/p10_clustering_results.png>]

[20 <../results/ideas_visualization/constructing_ruler.png>]
<../presentation/figures/p12_fit_apply_discriminant_function.png, id=652, 2392.94pt x 957.5775pt>
File: ../presentation/figures/p12_fit_apply_discriminant_function.png Graphic file (type png)
<use ../presentation/figures/p12_fit_apply_discriminant_function.png>
Package pdftex.def Info: ../presentation/figures/p12_fit_apply_discriminant_function.png  used on input line 422.
(pdftex.def)             Requested size: 362.37569pt x 145.00389pt.
<../results/ideas_visualization/mark_taxa_difference_and_explain.png, id=653, 2819.53375pt x 1026.83624pt>
File: ../results/ideas_visualization/mark_taxa_difference_and_explain.png Graphic file (type png)
<use ../results/ideas_visualization/mark_taxa_difference_and_explain.png>
Package pdftex.def Info: ../results/ideas_visualization/mark_taxa_difference_and_explain.png  used on input line 432.
(pdftex.def)             Requested size: 362.37569pt x 131.97357pt.


[21 <../presentation/figures/p12_fit_apply_discriminant_function.png> <../results/ideas_visualization/mark_taxa_difference_and_explain.png>]
<../presentation/figures/p15_details_of_taxa_difference_in_1dimention.png, id=662, 2144.01pt x 1047.915pt>
File: ../presentation/figures/p15_details_of_taxa_difference_in_1dimention.png Graphic file (type png)
<use ../presentation/figures/p15_details_of_taxa_difference_in_1dimention.png>
Package pdftex.def Info: ../presentation/figures/p15_details_of_taxa_difference_in_1dimention.png  used on input line 499.
(pdftex.def)             Requested size: 362.37569pt x 177.10385pt.


[22 <../presentation/figures/p15_details_of_taxa_difference_in_1dimention.png>]
<../presentation/figures/p18_all_sites_in_2dimensional.png, id=670, 2306.6175pt x 1210.5225pt>
File: ../presentation/figures/p18_all_sites_in_2dimensional.png Graphic file (type png)
<use ../presentation/figures/p18_all_sites_in_2dimensional.png>
Package pdftex.def Info: ../presentation/figures/p18_all_sites_in_2dimensional.png  used on input line 545.
(pdftex.def)             Requested size: 362.37569pt x 190.15958pt.


[23 <../presentation/figures/p18_all_sites_in_2dimensional.png>]

[24]
Overfull \hbox (12.22745pt too wide) in paragraph at lines 636--638
\OT1/cmr/m/n/10 Including the spa-tial term en-sures that break-point and slope in-ter-pre-ta-tions are at-tributed to contamination-
 []

<../presentation/figures/p16_degraded_threshold_and_quantile_regression.png, id=689, 2152.04pt x 706.64pt>
File: ../presentation/figures/p16_degraded_threshold_and_quantile_regression.png Graphic file (type png)
<use ../presentation/figures/p16_degraded_threshold_and_quantile_regression.png>
Package pdftex.def Info: ../presentation/figures/p16_degraded_threshold_and_quantile_regression.png  used on input line 680.
(pdftex.def)             Requested size: 407.66833pt x 133.85326pt.


[25 <../presentation/figures/p16_degraded_threshold_and_quantile_regression.png>]) (./sections/PreliminaryResults.tex

[26]

[27]) (./sections/subsectionofPreliminaryResults.tex
<../results/preliminary_results/merged_104_completed_observations.png, id=724, 722.7pt x 433.62pt>
File: ../results/preliminary_results/merged_104_completed_observations.png Graphic file (type png)
<use ../results/preliminary_results/merged_104_completed_observations.png>
Package pdftex.def Info: ../results/preliminary_results/merged_104_completed_observations.png  used on input line 10.
(pdftex.def)             Requested size: 452.9679pt x 271.77934pt.
<../results/preliminary_results/pca_loadings_chemical_updated.png, id=726, 1795.9095pt x 1727.253pt>
File: ../results/preliminary_results/pca_loadings_chemical_updated.png Graphic file (type png)
<use ../results/preliminary_results/pca_loadings_chemical_updated.png>
Package pdftex.def Info: ../results/preliminary_results/pca_loadings_chemical_updated.png  used on input line 30.
(pdftex.def)             Requested size: 452.9679pt x 435.63377pt.


LaTeX Warning: `!h' float specifier changed to `!ht'.



[28 <../results/preliminary_results/merged_104_completed_observations.png>]
<../results/preliminary_results/stress_levels_map_and_boxplot.png, id=734, 867.24pt x 433.62pt>
File: ../results/preliminary_results/stress_levels_map_and_boxplot.png Graphic file (type png)
<use ../results/preliminary_results/stress_levels_map_and_boxplot.png>
Package pdftex.def Info: ../results/preliminary_results/stress_levels_map_and_boxplot.png  used on input line 69.
(pdftex.def)             Requested size: 452.9679pt x 226.48279pt.


LaTeX Warning: `!h' float specifier changed to `!ht'.

<../results/preliminary_results/taxa_abundance_by_site_label.png, id=735, 1156.32pt x 578.16pt>
File: ../results/preliminary_results/taxa_abundance_by_site_label.png Graphic file (type png)
<use ../results/preliminary_results/taxa_abundance_by_site_label.png>
Package pdftex.def Info: ../results/preliminary_results/taxa_abundance_by_site_label.png  used on input line 77.
(pdftex.def)             Requested size: 452.9679pt x 226.47838pt.

LaTeX Warning: `!h' float specifier changed to `!ht'.



[29 <../results/preliminary_results/pca_loadings_chemical_updated.png>]

[30 <../results/preliminary_results/stress_levels_map_and_boxplot.png> <../results/preliminary_results/taxa_abundance_by_site_label.png>]
<../results/preliminary_results/octave_transformed_taxa_boxplots.png, id=755, 1300.86pt x 867.24pt>
File: ../results/preliminary_results/octave_transformed_taxa_boxplots.png Graphic file (type png)
<use ../results/preliminary_results/octave_transformed_taxa_boxplots.png>
Package pdftex.def Info: ../results/preliminary_results/octave_transformed_taxa_boxplots.png  used on input line 110.
(pdftex.def)             Requested size: 452.9679pt x 301.97705pt.
<../results/preliminary_results/clustering_on_references_taxa.png, id=756, 714.7503pt x 281.853pt>
File: ../results/preliminary_results/clustering_on_references_taxa.png Graphic file (type png)
<use ../results/preliminary_results/clustering_on_references_taxa.png>
Package pdftex.def Info: ../results/preliminary_results/clustering_on_references_taxa.png  used on input line 120.
(pdftex.def)             Requested size: 452.9679pt x 178.6263pt.


LaTeX Warning: `!h' float specifier changed to `!ht'.

<../results/preliminary_results/taxa_density_by_cluster.png, id=758, 1300.86pt x 867.24pt>
File: ../results/preliminary_results/taxa_density_by_cluster.png Graphic file (type png)
<use ../results/preliminary_results/taxa_density_by_cluster.png>
Package pdftex.def Info: ../results/preliminary_results/taxa_density_by_cluster.png  used on input line 138.
(pdftex.def)             Requested size: 452.9679pt x 301.97705pt.

LaTeX Warning: `!h' float specifier changed to `!ht'.



[31

 <../results/preliminary_results/octave_transformed_taxa_boxplots.png>]

LaTeX Warning: `!h' float specifier changed to `!ht'.


LaTeX Warning: `!h' float specifier changed to `!ht'.



[32 <../results/preliminary_results/clustering_on_references_taxa.png> <../results/preliminary_results/taxa_density_by_cluster.png>]

LaTeX Warning: `!h' float specifier changed to `!ht'.

<../results/preliminary_results/ZCI_distribution_across_clusters.png, id=780, 1293.633pt x 353.4003pt>
File: ../results/preliminary_results/ZCI_distribution_across_clusters.png Graphic file (type png)
<use ../results/preliminary_results/ZCI_distribution_across_clusters.png>
Package pdftex.def Info: ../results/preliminary_results/ZCI_distribution_across_clusters.png  used on input line 257.
(pdftex.def)             Requested size: 452.9679pt x 123.74048pt.


[33 <../results/preliminary_results/ZCI_distribution_across_clusters.png>]
<../results/preliminary_results/zci_vs_stress_and_taxa_abundance.png, id=794, 1300.86pt x 867.24pt>
File: ../results/preliminary_results/zci_vs_stress_and_taxa_abundance.png Graphic file (type png)
<use ../results/preliminary_results/zci_vs_stress_and_taxa_abundance.png>
Package pdftex.def Info: ../results/preliminary_results/zci_vs_stress_and_taxa_abundance.png  used on input line 287.
(pdftex.def)             Requested size: 452.9679pt x 301.97705pt.


LaTeX Warning: `!h' float specifier changed to `!ht'.



[34]
<../results/preliminary_results/qrm_quantile_regression_pattern_1.png, id=805, 939.51pt x 361.35pt>
File: ../results/preliminary_results/qrm_quantile_regression_pattern_1.png Graphic file (type png)
<use ../results/preliminary_results/qrm_quantile_regression_pattern_1.png>
Package pdftex.def Info: ../results/preliminary_results/qrm_quantile_regression_pattern_1.png  used on input line 327.
(pdftex.def)             Requested size: 452.9679pt x 174.21796pt.
<../results/preliminary_results/qrm_quantile_regression_pattern_2.png, id=806, 939.51pt x 361.35pt>
File: ../results/preliminary_results/qrm_quantile_regression_pattern_2.png Graphic file (type png)
<use ../results/preliminary_results/qrm_quantile_regression_pattern_2.png>
Package pdftex.def Info: ../results/preliminary_results/qrm_quantile_regression_pattern_2.png  used on input line 334.
(pdftex.def)             Requested size: 452.9679pt x 174.21796pt.
<../results/preliminary_results/qrm_quantile_regression_pattern_3.png, id=807, 939.51pt x 361.35pt>
File: ../results/preliminary_results/qrm_quantile_regression_pattern_3.png Graphic file (type png)
<use ../results/preliminary_results/qrm_quantile_regression_pattern_3.png>
Package pdftex.def Info: ../results/preliminary_results/qrm_quantile_regression_pattern_3.png  used on input line 341.
(pdftex.def)             Requested size: 452.9679pt x 174.21796pt.


[35 <../results/preliminary_results/zci_vs_stress_and_taxa_abundance.png>]

[36 <../results/preliminary_results/qrm_quantile_regression_pattern_1.png> <../results/preliminary_results/qrm_quantile_regression_pattern_2.png> <../results/preliminary_results/qrm_quantile_regression_pattern_3.png>]
<../results/preliminary_results/pcnm_simulation_1d_equally_spaced.png, id=825, 867.24pt x 578.16pt>
File: ../results/preliminary_results/pcnm_simulation_1d_equally_spaced.png Graphic file (type png)
<use ../results/preliminary_results/pcnm_simulation_1d_equally_spaced.png>
Package pdftex.def Info: ../results/preliminary_results/pcnm_simulation_1d_equally_spaced.png  used on input line 390.
(pdftex.def)             Requested size: 407.66833pt x 271.77934pt.


LaTeX Warning: `!h' float specifier changed to `!ht'.

<../results/preliminary_results/pcnm_simulation_2d_equally_spaced.png, id=826, 1084.05pt x 794.97pt>
File: ../results/preliminary_results/pcnm_simulation_2d_equally_spaced.png Graphic file (type png)
<use ../results/preliminary_results/pcnm_simulation_2d_equally_spaced.png>
Package pdftex.def Info: ../results/preliminary_results/pcnm_simulation_2d_equally_spaced.png  used on input line 397.
(pdftex.def)             Requested size: 407.66833pt x 298.95pt.
<../results/preliminary_results/pcnm_simulation_2d_randomly_spaced.png, id=827, 1227.8673pt x 771.8436pt>
File: ../results/preliminary_results/pcnm_simulation_2d_randomly_spaced.png Graphic file (type png)
<use ../results/preliminary_results/pcnm_simulation_2d_randomly_spaced.png>
Package pdftex.def Info: ../results/preliminary_results/pcnm_simulation_2d_randomly_spaced.png  used on input line 404.
(pdftex.def)             Requested size: 407.66833pt x 256.26378pt.

LaTeX Warning: `!h' float specifier changed to `!ht'.

<../results/preliminary_results/pcnm_simulation_detroit_river.png, id=828, 1084.05pt x 794.97pt>
File: ../results/preliminary_results/pcnm_simulation_detroit_river.png Graphic file (type png)
<use ../results/preliminary_results/pcnm_simulation_detroit_river.png>
Package pdftex.def Info: ../results/preliminary_results/pcnm_simulation_detroit_river.png  used on input line 411.
(pdftex.def)             Requested size: 407.66833pt x 298.95pt.

LaTeX Warning: `!h' float specifier changed to `!ht'.



[37

]

[38 <../results/preliminary_results/pcnm_simulation_1d_equally_spaced.png> <../results/preliminary_results/pcnm_simulation_2d_equally_spaced.png>]

[39 <../results/preliminary_results/pcnm_simulation_2d_randomly_spaced.png> <../results/preliminary_results/pcnm_simulation_detroit_river.png>]
<../results/preliminary_results/power_sensitivity_evaluation_test.png, id=855, 1293.633pt x 932.283pt>
File: ../results/preliminary_results/power_sensitivity_evaluation_test.png Graphic file (type png)
<use ../results/preliminary_results/power_sensitivity_evaluation_test.png>
Package pdftex.def Info: ../results/preliminary_results/power_sensitivity_evaluation_test.png  used on input line 438.
(pdftex.def)             Requested size: 407.66833pt x 293.7845pt.


LaTeX Warning: `!h' float specifier changed to `!ht'.

)

[40

]

[41 <../results/preliminary_results/power_sensitivity_evaluation_test.png>] (./sections/ImplementPlan.tex
Underfull \hbox (badness 10000) in paragraph at lines 87--87
[]|\OT1/cmr/m/it/10 notebooks/0-interim-
 []


LaTeX Warning: `!h' float specifier changed to `!ht'.

<../results/preliminary_results/implementPlan_example_codebase.png, id=867, 2033.5975pt x 1282.7925pt>
File: ../results/preliminary_results/implementPlan_example_codebase.png Graphic file (type png)
<use ../results/preliminary_results/implementPlan_example_codebase.png>
Package pdftex.def Info: ../results/preliminary_results/implementPlan_example_codebase.png  used on input line 101.
(pdftex.def)             Requested size: 407.66833pt x 257.16074pt.

LaTeX Warning: `!h' float specifier changed to `!ht'.



[42

]
<../results/preliminary_results/example_lightweight_code_completed.png, id=876, 2113.8975pt x 1477.52pt>
File: ../results/preliminary_results/example_lightweight_code_completed.png Graphic file (type png)
<use ../results/preliminary_results/example_lightweight_code_completed.png>
Package pdftex.def Info: ../results/preliminary_results/example_lightweight_code_completed.png  used on input line 113.
(pdftex.def)             Requested size: 407.66833pt x 284.92511pt.


LaTeX Warning: `!h' float specifier changed to `!ht'.



[43 <../results/preliminary_results/implementPlan_example_codebase.png>]
Overfull \hbox (1.41444pt too wide) in paragraph at lines 134--135
[]\OT1/cmr/bx/n/10 src\OT1/cmr/m/n/10 : holds the main source code in a mod-u-lar for-mat (e.g., \OT1/cmtt/m/n/10 ingest.py\OT1/cmr/m/n/10 , \OT1/cmtt/m/n/10 cleaning.py\OT1/cmr/m/n/10 , \OT1/cmtt/m/n/10 pipeline.py\OT1/cmr/m/n/10 ),
 []



[44 <../results/preliminary_results/example_lightweight_code_completed.png>])

[45] (./sections/SupervisoryDissolution.tex)

[46

] (./sections/Timeline.tex

[47

])

[48] (./Feng's_Proposal.bbl

[49

]

[50]

[51])

[52]

[53] (./sections/Appendix.tex
Overfull \hbox (2.36229pt too wide) in paragraph at lines 13--13
 []|\OT1/cmr/bx/n/10 SumReal| 
 []


Overfull \hbox (6.60806pt too wide) in paragraph at lines 13--13
 []|\OT1/cmr/bx/n/10 intermediate| 
 []


Overfull \hbox (2.36229pt too wide) in paragraph at lines 83--83
 []|\OT1/cmr/bx/n/10 SumReal| 
 []


Overfull \hbox (6.60806pt too wide) in paragraph at lines 83--83
 []|\OT1/cmr/bx/n/10 intermediate| 
 []


Overfull \hbox (2.36229pt too wide) in paragraph at lines 114--114
 []|\OT1/cmr/bx/n/10 SumReal| 
 []


Overfull \hbox (6.60806pt too wide) in paragraph at lines 114--114
 []|\OT1/cmr/bx/n/10 intermediate| 
 []


Overfull \hbox (15.42386pt too wide) in paragraph at lines 125--125
 []|[]| 
 []



[54

]

[55]
<../results/preliminary_results/pqrm_quantile_regression_pattern_1.png, id=982, 939.51pt x 361.35pt>
File: ../results/preliminary_results/pqrm_quantile_regression_pattern_1.png Graphic file (type png)
<use ../results/preliminary_results/pqrm_quantile_regression_pattern_1.png>
Package pdftex.def Info: ../results/preliminary_results/pqrm_quantile_regression_pattern_1.png  used on input line 140.
(pdftex.def)             Requested size: 362.37569pt x 139.37105pt.
<../results/preliminary_results/pqrm_quantile_regression_pattern_2.png, id=983, 939.51pt x 361.35pt>
File: ../results/preliminary_results/pqrm_quantile_regression_pattern_2.png Graphic file (type png)
<use ../results/preliminary_results/pqrm_quantile_regression_pattern_2.png>
Package pdftex.def Info: ../results/preliminary_results/pqrm_quantile_regression_pattern_2.png  used on input line 147.
(pdftex.def)             Requested size: 362.37569pt x 139.37105pt.
<../results/preliminary_results/pqrm_quantile_regression_pattern_3.png, id=984, 939.51pt x 361.35pt>
File: ../results/preliminary_results/pqrm_quantile_regression_pattern_3.png Graphic file (type png)
<use ../results/preliminary_results/pqrm_quantile_regression_pattern_3.png>
Package pdftex.def Info: ../results/preliminary_results/pqrm_quantile_regression_pattern_3.png  used on input line 154.
(pdftex.def)             Requested size: 362.37569pt x 139.37105pt.
<../results/preliminary_results/pqrm_pattern_1_tau_0.5.png, id=985, 867.24pt x 433.62pt>
File: ../results/preliminary_results/pqrm_pattern_1_tau_0.5.png Graphic file (type png)
<use ../results/preliminary_results/pqrm_pattern_1_tau_0.5.png>
Package pdftex.def Info: ../results/preliminary_results/pqrm_pattern_1_tau_0.5.png  used on input line 161.
(pdftex.def)             Requested size: 362.37569pt x 181.18623pt.


LaTeX Warning: `!h' float specifier changed to `!ht'.

<../results/preliminary_results/pqrm_pattern_2_tau_0.5.png, id=986, 867.24pt x 433.62pt>
File: ../results/preliminary_results/pqrm_pattern_2_tau_0.5.png Graphic file (type png)
<use ../results/preliminary_results/pqrm_pattern_2_tau_0.5.png>
Package pdftex.def Info: ../results/preliminary_results/pqrm_pattern_2_tau_0.5.png  used on input line 168.
(pdftex.def)             Requested size: 362.37569pt x 181.18623pt.

LaTeX Warning: `!h' float specifier changed to `!ht'.

<../results/preliminary_results/pqrm_pattern_3_tau_0.5.png, id=987, 867.24pt x 433.62pt>
File: ../results/preliminary_results/pqrm_pattern_3_tau_0.5.png Graphic file (type png)
<use ../results/preliminary_results/pqrm_pattern_3_tau_0.5.png>
Package pdftex.def Info: ../results/preliminary_results/pqrm_pattern_3_tau_0.5.png  used on input line 175.
(pdftex.def)             Requested size: 362.37569pt x 181.18623pt.

LaTeX Warning: `!h' float specifier changed to `!ht'.

<../results/preliminary_results/raw_chemical_histgram.png, id=988, 1618.848pt x 1293.633pt>
File: ../results/preliminary_results/raw_chemical_histgram.png Graphic file (type png)
<use ../results/preliminary_results/raw_chemical_histgram.png>
Package pdftex.def Info: ../results/preliminary_results/raw_chemical_histgram.png  used on input line 182.
(pdftex.def)             Requested size: 362.37569pt x 289.57442pt.

LaTeX Warning: `!h' float specifier changed to `!ht'.

)

[56

 <../results/preliminary_results/pqrm_quantile_regression_pattern_1.png> <../results/preliminary_results/pqrm_quantile_regression_pattern_2.png> <../results/preliminary_results/pqrm_quantile_regression_pattern_3.png>]

[57 <../results/preliminary_results/pqrm_pattern_1_tau_0.5.png> <../results/preliminary_results/pqrm_pattern_2_tau_0.5.png> <../results/preliminary_results/pqrm_pattern_3_tau_0.5.png>]

[58 <../results/preliminary_results/raw_chemical_histgram.png>] (./Feng's_Proposal.aux)
 ***********
LaTeX2e <2024-11-01> patch level 2
L3 programming layer <2025-01-18>
 ***********
Package rerunfilecheck Info: File `Feng's_Proposal.out' has not changed.
(rerunfilecheck)             Checksum: 6FCE4A49CE1234E17784674868D36A8E;17126.
 ) 
Here is how much of TeX's memory you used:
 25388 strings out of 474662
 500751 string characters out of 5751109
 898273 words of memory out of 5000000
 47681 multiletter control sequences out of 15000+600000
 570390 words of font info for 78 fonts, out of 8000000 for 9000
 319 hyphenation exceptions out of 8191
 98i,16n,101p,1071b,586s stack positions out of 10000i,1000n,20000p,200000b,200000s
 </Users/gufeng/Library/texlive/2025basic/texmf-var/fonts/pk/ljfour/jknappen/ec/tcrm1000.600pk></usr/local/texlive/2025basic/texmf-dist/fonts/type1/public/amsfonts/cm/cmbx10.pfb></usr/local/texlive/2025basic/texmf-dist/fonts/type1/public/amsfonts/cm/cmbx12.pfb></usr/local/texlive/2025basic/texmf-dist/fonts/type1/public/amsfonts/cm/cmbxti10.pfb></usr/local/texlive/2025basic/texmf-dist/fonts/type1/public/amsfonts/cm/cmex10.pfb></usr/local/texlive/2025basic/texmf-dist/fonts/type1/public/amsfonts/cm/cmmi10.pfb></usr/local/texlive/2025basic/texmf-dist/fonts/type1/public/amsfonts/cm/cmmi5.pfb></usr/local/texlive/2025basic/texmf-dist/fonts/type1/public/amsfonts/cm/cmmi6.pfb></usr/local/texlive/2025basic/texmf-dist/fonts/type1/public/amsfonts/cm/cmmi7.pfb></usr/local/texlive/2025basic/texmf-dist/fonts/type1/public/amsfonts/cm/cmmi8.pfb></usr/local/texlive/2025basic/texmf-dist/fonts/type1/public/amsfonts/cm/cmmib10.pfb></usr/local/texlive/2025basic/texmf-dist/fonts/type1/public/amsfonts/cmextra/cmmib7.pfb></usr/local/texlive/2025basic/texmf-dist/fonts/type1/public/amsfonts/cm/cmr10.pfb></usr/local/texlive/2025basic/texmf-dist/fonts/type1/public/amsfonts/cm/cmr12.pfb></usr/local/texlive/2025basic/texmf-dist/fonts/type1/public/amsfonts/cm/cmr5.pfb></usr/local/texlive/2025basic/texmf-dist/fonts/type1/public/amsfonts/cm/cmr6.pfb></usr/local/texlive/2025basic/texmf-dist/fonts/type1/public/amsfonts/cm/cmr7.pfb></usr/local/texlive/2025basic/texmf-dist/fonts/type1/public/amsfonts/cm/cmr8.pfb></usr/local/texlive/2025basic/texmf-dist/fonts/type1/public/amsfonts/cm/cmsy10.pfb></usr/local/texlive/2025basic/texmf-dist/fonts/type1/public/amsfonts/cm/cmsy5.pfb></usr/local/texlive/2025basic/texmf-dist/fonts/type1/public/amsfonts/cm/cmsy6.pfb></usr/local/texlive/2025basic/texmf-dist/fonts/type1/public/amsfonts/cm/cmsy7.pfb></usr/local/texlive/2025basic/texmf-dist/fonts/type1/public/amsfonts/cm/cmsy8.pfb></usr/local/texlive/2025basic/texmf-dist/fonts/type1/public/amsfonts/cm/cmti10.pfb></usr/local/texlive/2025basic/texmf-dist/fonts/type1/public/amsfonts/cm/cmti8.pfb></usr/local/texlive/2025basic/texmf-dist/fonts/type1/public/amsfonts/cm/cmtt10.pfb></usr/local/texlive/2025basic/texmf-dist/fonts/type1/public/amsfonts/symbols/msbm10.pfb>
Output written on Feng's_Proposal.pdf (59 pages, 14918327 bytes).
PDF statistics:
 1202 PDF objects out of 1440 (max. 8388607)
 1002 compressed objects within 11 object streams
 325 named destinations out of 1000 (max. 500000)
 638 words of extra memory for PDF output out of 10000 (max. 10000000)

